<?xml version="1.0" encoding="UTF-8"?>
<!-- Generated by org.testng.reporters.JUnitReportReporter -->
<testsuite hostname="DESKTOP-5D9DVE9" failures="0" tests="1" name="test1.Test01" time="3.915" errors="0" timestamp="2024-09-10T23:00:02 IST" skipped="0">
  <testcase classname="test1.Test01" name="hi" time="3.915"/>
</testsuite> <!-- test1.Test01 -->
